
> nextn@0.1.0 dev
> next dev -p 9002

   ▲ Next.js 15.2.4
   - Local:        http://localhost:9002
   - Network:      http://192.168.0.33:9002
   - Environments: .env.local

 ✓ Starting...
 ✓ Ready in 1284ms
 ○ Compiling / ...
 ✓ Compiled / in 1519ms (1937 modules)
 ⨯ TypeError: Cannot read properties of undefined (reading 'createClientModuleProxy')
    at __webpack_require__ (.next/server/webpack-runtime.js:33:42)
    at __webpack_require__ (.next/server/webpack-runtime.js:33:42)
    at __webpack_require__ (.next/server/webpack-runtime.js:33:42)
    at __webpack_exec__ (.next/server/app/page.js:1050:39)
    at <unknown> (.next/server/app/page.js:1051:894)
    at __webpack_require__.X (.next/server/webpack-runtime.js:163:21)
    at <unknown> (.next/server/app/page.js:1051:47)
    at Object.<anonymous> (.next/server/app/page.js:1054:3) {
  page: '/'
}
 ○ Compiling /_error ...
 ✓ Compiled /_error in 640ms (2273 modules)
Invalid hook call. Hooks can only be called inside of the body of a function component. This could happen for one of the following reasons:
1. You might have mismatching versions of React and the renderer (such as React DOM)
2. You might be breaking the Rules of Hooks
3. You might have more than one copy of React in the same app
See https://react.dev/link/invalid-hook-call for tips about how to debug and fix this problem.
TypeError: Cannot read properties of null (reading 'useReducer')
    at new Promise (<anonymous>)
 ⨯ TypeError: Cannot read properties of null (reading 'useReducer')
    at new Promise (<anonymous>)
 ⨯ TypeError: Cannot read properties of null (reading 'useReducer')
    at new Promise (<anonymous>)
 GET / 500 in 3486ms
[?25h
